<?xml version="1.0" encoding="UTF-8"?>
<!-- Generated by org.testng.reporters.JUnitReportReporter -->
<testsuite skipped="0" hostname="LAPTOP-9GLANP83" name="testcases.TC003_CreateLead" tests="1" failures="0" timestamp="03 Jun 2018 07:16:23 GMT" time="24.500" errors="0">
  <testcase name="CreateLead" time="24.500" classname="testcases.TC003_CreateLead"/>
</testsuite> <!-- testcases.TC003_CreateLead -->
